# IPython log file

# Fri, 16 Feb 2018 17:05:04
%run "C:/Users/kenetharias/Desktop/Git/1_4_4/KenethArias_1_4_4.py"# Fri, 16 Feb 2018 17:46:12
earth_img.size
#[Out]# (479, 475)
# Fri, 16 Feb 2018 17:46:20
earth_small.size
#[Out]# (89, 87)
# Fri, 16 Feb 2018 17:46:33
earth_img.size[1]
#[Out]# 475
# Fri, 16 Feb 2018 17:54:40
img(height)
# Fri, 16 Feb 2018 17:55:49
student_img.size
#[Out]# (1920, 2720)
# Fri, 16 Feb 2018 17:56:03
student_img.size[0]
#[Out]# 1920
# Fri, 16 Feb 2018 17:56:06
student_img.size[1]
#[Out]# 2720
# Fri, 16 Feb 2018 18:00:02
earth_small.save('smallEarth.png)
# Fri, 16 Feb 2018 18:00:53
earth_small.save('smallEarth.png')
# Fri, 16 Feb 2018 18:01:10
%run "C:/Users/kenetharias/Desktop/Git/1_4_4/KenethArias_1_4_4.py"# Fri, 16 Feb 2018 18:14:09
%run "C:/Users/kenetharias/Desktop/Git/1_4_4/KenethArias_1_4_4.py"# Fri, 16 Feb 2018 18:14:37
%run "C:/Users/kenetharias/Desktop/Git/1_4_4/KenethArias_1_4_4.py"# Fri, 16 Feb 2018 18:15:07
%run "C:/Users/kenetharias/Desktop/Git/1_4_4/KenethArias_1_4_4.py"# Fri, 16 Feb 2018 18:15:43
%run "C:/Users/kenetharias/Desktop/Git/1_4_4/KenethArias_1_4_4.py"# Fri, 16 Feb 2018 18:17:21
%logstop
